<?xml version="1.0" encoding="UTF-8"?>
<!-- Generated by org.testng.reporters.JUnitXMLReporter -->
<testsuite hostname="DESKTOP-7NQD4SC" ignored="1" name="Test" tests="1" failures="0" timestamp="22 Jul 2018 05:43:18 GMT" time="8.089" errors="0">
  <testcase name="createContact" time="0.004" classname="week5.day2.Ng_listnerTestCases"/>
  <testcase name="createLead" time="0.0" classname="week5.day2.Ng_listnerTestCases">
    <ignored/>
  </testcase> <!-- createLead -->
</testsuite> <!-- Test -->
