<?xml version="1.0" encoding="UTF-8"?>
<testng-results skipped="0" failed="0" ignored="0" total="1" passed="1">
  <reporter-output>
  </reporter-output>
  <suite name="Default suite" duration-ms="41643" started-at="2018-08-04T10:25:01Z" finished-at="2018-08-04T10:25:42Z">
    <groups>
    </groups>
    <test name="Default test" duration-ms="41643" started-at="2018-08-04T10:25:01Z" finished-at="2018-08-04T10:25:42Z">
      <class name="grid.Leaftaps">
        <test-method status="PASS" signature="login()[pri:0, instance:grid.Leaftaps@4dfa3a9d]" name="login" duration-ms="41588" started-at="2018-08-04T10:25:01Z" finished-at="2018-08-04T10:25:42Z">
          <reporter-output>
          </reporter-output>
        </test-method> <!-- login -->
      </class> <!-- grid.Leaftaps -->
    </test> <!-- Default test -->
  </suite> <!-- Default suite -->
</testng-results>
